[aosabook.org/en/500L/an-archaeology-inspired-database.html]
[aosabook.org/en/500L/theme/css/bootstrap-responsive.css]
[aosabook.org/en/500L/theme/css/bootstrap.css]
[aosabook.org/en/500L/theme/css/code.css]
[backblue.gif]
[fade.gif]
[index.html]
[aosabook.org/en/500L/theme/css/500L.css]
[aosabook.org/en/500L/functionalDB-images/image_0.png]
[aosabook.org/en/500L/functionalDB-images/image_1.png]
[aosabook.org/en/500L/functionalDB-images/image_2.png]
[aosabook.org/en/500L/an-archaeology-inspired-database.html]
[aosabook.org/en/500L/theme/img/glyphicons-halflings.8.delayed]
[aosabook.org/en/500L/theme/img/glyphicons-halflings-white.png]
[aosabook.org/en/500L/theme/css/bootstrap.css]
[aosabook.org/en/500L/theme/css/bootstrap-responsive.css]
[aosabook.org/en/500L/theme/css/code.css]
[aosabook.org/en/500L/theme/css/500L.css]
[aosabook.org/en/500L/theme/img/glyphicons-halflings.html]
[aosabook.org/en/500L/theme/img/glyphicons-halflings-white.html]
